2023-02-13 17:54:55,545 INFO o.a.j.u.JMeterUtils: Setting Locale to en_IN
2023-02-13 17:54:55,574 INFO o.a.j.JMeter: Loading user properties from: user.properties
2023-02-13 17:54:55,574 INFO o.a.j.JMeter: Loading system properties from: system.properties
2023-02-13 17:54:55,574 INFO o.a.j.JMeter: Setting JMeter property: jmeter.save.saveservice.output_format=csv
2023-02-13 17:54:55,582 INFO o.a.j.JMeter: Copyright (c) 1998-2022 The Apache Software Foundation
2023-02-13 17:54:55,582 INFO o.a.j.JMeter: Version 5.5
2023-02-13 17:54:55,582 INFO o.a.j.JMeter: java.version=11.0.17
2023-02-13 17:54:55,582 INFO o.a.j.JMeter: java.vm.name=OpenJDK 64-Bit Server VM
2023-02-13 17:54:55,582 INFO o.a.j.JMeter: os.name=Linux
2023-02-13 17:54:55,582 INFO o.a.j.JMeter: os.arch=amd64
2023-02-13 17:54:55,583 INFO o.a.j.JMeter: os.version=5.15.0-58-generic
2023-02-13 17:54:55,583 INFO o.a.j.JMeter: file.encoding=UTF-8
2023-02-13 17:54:55,583 INFO o.a.j.JMeter: java.awt.headless=true
2023-02-13 17:54:55,583 INFO o.a.j.JMeter: Max memory     =4196401152
2023-02-13 17:54:55,583 INFO o.a.j.JMeter: Available Processors =4
2023-02-13 17:54:55,592 INFO o.a.j.JMeter: Default Locale=English (India)
2023-02-13 17:54:55,592 INFO o.a.j.JMeter: JMeter  Locale=English (India)
2023-02-13 17:54:55,592 INFO o.a.j.JMeter: JMeterHome=/root/apache-jmeter-5.5
2023-02-13 17:54:55,592 INFO o.a.j.JMeter: user.dir  =/root/apache-jmeter-5.5/bin
2023-02-13 17:54:55,592 INFO o.a.j.JMeter: PWD       =/root/apache-jmeter-5.5/bin
2023-02-13 17:54:55,593 INFO o.a.j.JMeter: IP: 10.53.104.206 Name: hj-deldel15736.persistent.co.in FullName: hj-deldel15736.persistent.co.in
2023-02-13 17:54:55,602 INFO o.a.j.JMeter: Setting property 'jmeter.reportgenerator.outputdir' to:'/root/apache-jmeter-5.5/bin/result.html'
2023-02-13 17:54:55,605 INFO o.a.j.s.FileServer: Default base='/root/apache-jmeter-5.5/bin'
2023-02-13 17:54:55,606 INFO o.a.j.s.FileServer: Set new base='/root/apache-jmeter-5.5/bin'
2023-02-13 17:54:55,876 INFO o.a.j.s.SaveService: Testplan (JMX) version: 2.2. Testlog (JTL) version: 2.2
2023-02-13 17:54:55,902 INFO o.a.j.s.SaveService: Using SaveService properties version 5.0
2023-02-13 17:54:55,907 INFO o.a.j.s.SaveService: Using SaveService properties file encoding UTF-8
2023-02-13 17:54:55,911 INFO o.a.j.s.SaveService: Loading file: jmeter.jmx
2023-02-13 17:54:55,976 INFO o.a.j.p.h.s.HTTPSamplerBase: Parser for text/html is org.apache.jmeter.protocol.http.parser.LagartoBasedHtmlParser
2023-02-13 17:54:55,976 INFO o.a.j.p.h.s.HTTPSamplerBase: Parser for application/xhtml+xml is org.apache.jmeter.protocol.http.parser.LagartoBasedHtmlParser
2023-02-13 17:54:55,976 INFO o.a.j.p.h.s.HTTPSamplerBase: Parser for application/xml is org.apache.jmeter.protocol.http.parser.LagartoBasedHtmlParser
2023-02-13 17:54:55,976 INFO o.a.j.p.h.s.HTTPSamplerBase: Parser for text/xml is org.apache.jmeter.protocol.http.parser.LagartoBasedHtmlParser
2023-02-13 17:54:55,977 INFO o.a.j.p.h.s.HTTPSamplerBase: Parser for text/vnd.wap.wml is org.apache.jmeter.protocol.http.parser.RegexpHTMLParser
2023-02-13 17:54:55,977 INFO o.a.j.p.h.s.HTTPSamplerBase: Parser for text/css is org.apache.jmeter.protocol.http.parser.CssParser
2023-02-13 17:54:56,018 INFO o.a.j.JMeter: Creating summariser <summary>
2023-02-13 17:54:56,024 INFO o.a.j.r.d.ReportGenerator: ReportGenerator will use for Parsing the separator: ','
2023-02-13 17:54:56,024 INFO o.a.j.r.d.ReportGenerator: Will generate report at end of test from  results file: jmeter.jtl
2023-02-13 17:54:56,024 INFO o.a.j.r.d.ReportGenerator: Reading report generator properties from: /root/apache-jmeter-5.5/bin/reportgenerator.properties
2023-02-13 17:54:56,026 INFO o.a.j.r.d.ReportGenerator: Merging with JMeter properties
2023-02-13 17:54:56,036 INFO o.a.j.r.c.ReportGeneratorConfiguration: Property 'jmeter.reportgenerator.temp_dir' not found, using default value 'temp' instead.
2023-02-13 17:54:56,040 INFO o.a.j.r.c.ReportGeneratorConfiguration: Property 'jmeter.reportgenerator.apdex_per_transaction' not found, using default value 'null' instead.
2023-02-13 17:54:56,040 INFO o.a.j.r.c.ReportGeneratorConfiguration: apdex_per_transaction is empty, not APDEX per transaction customization
2023-02-13 17:54:56,040 INFO o.a.j.r.c.ReportGeneratorConfiguration: Property 'jmeter.reportgenerator.sample_filter' not found, using default value 'null' instead.
2023-02-13 17:54:56,041 INFO o.a.j.r.c.ReportGeneratorConfiguration: Property 'jmeter.reportgenerator.report_title' not found, using default value 'null' instead.
2023-02-13 17:54:56,041 INFO o.a.j.r.c.ReportGeneratorConfiguration: Property 'jmeter.reportgenerator.start_date' not found, using default value 'null' instead.
2023-02-13 17:54:56,041 INFO o.a.j.r.c.ReportGeneratorConfiguration: Property 'jmeter.reportgenerator.end_date' not found, using default value 'null' instead.
2023-02-13 17:54:56,041 INFO o.a.j.r.c.ReportGeneratorConfiguration: Property 'jmeter.reportgenerator.date_format' not found, using default value 'null' instead.
2023-02-13 17:54:56,050 INFO o.a.j.r.c.ReportGeneratorConfiguration: Will use date range start date: null, end date: null
2023-02-13 17:54:56,062 INFO o.a.j.r.c.ReportGeneratorConfiguration: Property 'jmeter.reportgenerator.graph.totalTPS.exclude_controllers' not found, using default value 'false' instead.
2023-02-13 17:54:56,063 INFO o.a.j.r.c.ReportGeneratorConfiguration: Property 'jmeter.reportgenerator.graph.activeThreadsOverTime.exclude_controllers' not found, using default value 'false' instead.
2023-02-13 17:54:56,063 INFO o.a.j.r.c.ReportGeneratorConfiguration: Property 'jmeter.reportgenerator.graph.timeVsThreads.exclude_controllers' not found, using default value 'false' instead.
2023-02-13 17:54:56,063 INFO o.a.j.r.c.ReportGeneratorConfiguration: Property 'jmeter.reportgenerator.graph.responseTimeDistribution.exclude_controllers' not found, using default value 'false' instead.
2023-02-13 17:54:56,063 INFO o.a.j.r.c.ReportGeneratorConfiguration: Property 'jmeter.reportgenerator.graph.transactionsPerSecond.exclude_controllers' not found, using default value 'false' instead.
2023-02-13 17:54:56,063 INFO o.a.j.r.c.ReportGeneratorConfiguration: Property 'jmeter.reportgenerator.graph.responseTimePercentiles.exclude_controllers' not found, using default value 'false' instead.
2023-02-13 17:54:56,064 INFO o.a.j.r.c.ReportGeneratorConfiguration: Property 'jmeter.reportgenerator.graph.responseTimePercentilesOverTime.exclude_controllers' not found, using default value 'false' instead.
2023-02-13 17:54:56,064 INFO o.a.j.r.c.ReportGeneratorConfiguration: Property 'jmeter.reportgenerator.graph.responseTimesOverTime.exclude_controllers' not found, using default value 'false' instead.
2023-02-13 17:54:56,064 INFO o.a.j.r.c.ReportGeneratorConfiguration: Property 'jmeter.reportgenerator.graph.connectTimeOverTime.exclude_controllers' not found, using default value 'false' instead.
2023-02-13 17:54:56,064 INFO o.a.j.r.c.ReportGeneratorConfiguration: Property 'jmeter.reportgenerator.graph.latenciesOverTime.exclude_controllers' not found, using default value 'false' instead.
2023-02-13 17:54:56,065 INFO o.a.j.r.c.ReportGeneratorConfiguration: Property 'jmeter.reportgenerator.exporter.json.filters_only_sample_series' not found, using default value 'true' instead.
2023-02-13 17:54:56,066 INFO o.a.j.r.c.ReportGeneratorConfiguration: Property 'jmeter.reportgenerator.exporter.json.series_filter' not found, using default value '' instead.
2023-02-13 17:54:56,066 INFO o.a.j.r.c.ReportGeneratorConfiguration: Property 'jmeter.reportgenerator.exporter.json.show_controllers_only' not found, using default value 'false' instead.
2023-02-13 17:54:56,066 INFO o.a.j.r.c.ReportGeneratorConfiguration: Property 'jmeter.reportgenerator.exporter.html.filters_only_sample_series' not found, using default value 'true' instead.
2023-02-13 17:54:56,066 INFO o.a.j.r.c.ReportGeneratorConfiguration: Property 'jmeter.reportgenerator.exporter.html.series_filter' not found, using default value '' instead.
2023-02-13 17:54:56,067 INFO o.a.j.r.c.ReportGeneratorConfiguration: Property 'jmeter.reportgenerator.exporter.html.show_controllers_only' not found, using default value 'false' instead.
2023-02-13 17:54:56,083 INFO o.a.j.e.StandardJMeterEngine: Running the test!
2023-02-13 17:54:56,085 INFO o.a.j.s.SampleEvent: List of sample_variables: []
2023-02-13 17:54:56,085 INFO o.a.j.s.SampleEvent: List of sample_variables: []
2023-02-13 17:54:56,104 INFO o.a.j.e.u.CompoundVariable: Note: Function class names must contain the string: '.functions.'
2023-02-13 17:54:56,104 INFO o.a.j.e.u.CompoundVariable: Note: Function class names must not contain the string: '.gui.'
2023-02-13 17:54:56,529 INFO o.a.j.JMeter: Running test (1676291096528)
2023-02-13 17:54:56,589 INFO o.a.j.e.StandardJMeterEngine: Starting ThreadGroup: 1 : Thread Group
2023-02-13 17:54:56,589 INFO o.a.j.e.StandardJMeterEngine: Starting 1 threads for group Thread Group.
2023-02-13 17:54:56,589 INFO o.a.j.e.StandardJMeterEngine: Thread will continue on error
2023-02-13 17:54:56,589 INFO o.a.j.t.ThreadGroup: Starting thread group... number=1 threads=1 ramp-up=1 delayedStart=false
2023-02-13 17:54:56,597 INFO o.a.j.t.ThreadGroup: Started thread group number 1
2023-02-13 17:54:56,597 INFO o.a.j.e.StandardJMeterEngine: All thread groups have been started
2023-02-13 17:54:56,613 INFO o.a.j.t.JMeterThread: Thread started: Thread Group 1-1
2023-02-13 17:54:56,652 INFO o.a.j.p.h.s.HTTPHCAbstractImpl: Local host = hj-deldel15736.persistent.co.in
2023-02-13 17:54:56,667 INFO o.a.j.p.h.s.HTTPHC4Impl: HTTP request retry count = 0
2023-02-13 17:54:56,670 INFO o.a.j.s.SampleResult: Note: Sample TimeStamps are START times
2023-02-13 17:54:56,670 INFO o.a.j.s.SampleResult: sampleresult.default.encoding is set to ISO-8859-1
2023-02-13 17:54:56,670 INFO o.a.j.s.SampleResult: sampleresult.useNanoTime=true
2023-02-13 17:54:56,670 INFO o.a.j.s.SampleResult: sampleresult.nanoThreadSleep=5000
2023-02-13 17:54:56,926 INFO o.a.j.t.JMeterThread: Thread is done: Thread Group 1-1
2023-02-13 17:54:56,927 INFO o.a.j.t.JMeterThread: Thread finished: Thread Group 1-1
2023-02-13 17:54:56,928 INFO o.a.j.e.StandardJMeterEngine: Notifying test listeners of end of test
2023-02-13 17:54:56,929 INFO o.a.j.r.Summariser: summary =      8 in 00:00:00 =   20.0/s Avg:    18 Min:     6 Max:    75 Err:     0 (0.00%)
2023-02-13 17:54:56,930 INFO o.a.j.JMeter: Generating Dashboard
2023-02-13 17:54:56,930 INFO o.a.j.r.d.ReportGenerator: Flushing result collector before report Generation
2023-02-13 17:54:56,946 INFO o.a.j.r.p.NormalizerSampleConsumer: Using format, 'ms', to parse timeStamp field
2023-02-13 17:54:57,060 INFO o.a.j.r.p.AbstractSampleConsumer: class org.apache.jmeter.report.processor.AggregateConsumer#stopProducing(): beginDate produced 0 samples
2023-02-13 17:54:57,061 INFO o.a.j.r.p.AbstractSampleConsumer: class org.apache.jmeter.report.processor.AggregateConsumer#stopProducing(): endDate produced 0 samples
2023-02-13 17:54:57,064 INFO o.a.j.r.p.AbstractSampleConsumer: class org.apache.jmeter.report.processor.ApdexSummaryConsumer#stopProducing(): apdexSummary produced 0 samples
2023-02-13 17:54:57,064 INFO o.a.j.r.p.AbstractSampleConsumer: class org.apache.jmeter.report.processor.RequestsSummaryConsumer#stopProducing(): requestsSummary produced 0 samples
2023-02-13 17:54:57,077 INFO o.a.j.r.p.AbstractSampleConsumer: class org.apache.jmeter.report.processor.StatisticsSummaryConsumer#stopProducing(): statisticsSummary produced 0 samples
2023-02-13 17:54:57,079 INFO o.a.j.r.p.AbstractSampleConsumer: class org.apache.jmeter.report.processor.Top5ErrorsBySamplerConsumer#stopProducing(): top5ErrorsBySampler produced 0 samples
2023-02-13 17:54:57,079 INFO o.a.j.r.p.AbstractSampleConsumer: class org.apache.jmeter.report.processor.ErrorsSummaryConsumer#stopProducing(): errorsSummary produced 0 samples
2023-02-13 17:54:57,079 INFO o.a.j.r.p.AbstractSampleConsumer: class org.apache.jmeter.report.processor.graph.impl.HitsPerSecondGraphConsumer#stopProducing(): hitsPerSecond produced 0 samples
2023-02-13 17:54:57,093 INFO o.a.j.r.p.AbstractSampleConsumer: class org.apache.jmeter.report.processor.graph.impl.LatencyVSRequestGraphConsumer#stopProducing(): latencyVsRequest produced 0 samples
2023-02-13 17:54:57,093 INFO o.a.j.r.p.AbstractSampleConsumer: class org.apache.jmeter.report.processor.graph.impl.SyntheticResponseTimeDistributionGraphConsumer#stopProducing(): syntheticResponseTimeDistribution produced 0 samples
2023-02-13 17:54:57,094 INFO o.a.j.r.p.AbstractSampleConsumer: class org.apache.jmeter.report.processor.graph.impl.BytesThroughputGraphConsumer#stopProducing(): bytesThroughputOverTime produced 0 samples
2023-02-13 17:54:57,094 INFO o.a.j.r.p.AbstractSampleConsumer: class org.apache.jmeter.report.processor.graph.impl.CodesPerSecondGraphConsumer#stopProducing(): codesPerSecond produced 0 samples
2023-02-13 17:54:57,098 INFO o.a.j.r.p.AbstractSampleConsumer: class org.apache.jmeter.report.processor.graph.impl.ResponseTimeVSRequestGraphConsumer#stopProducing(): responseTimeVsRequest produced 0 samples
2023-02-13 17:54:57,098 INFO o.a.j.r.p.AbstractSampleConsumer: class org.apache.jmeter.report.processor.FilterConsumer#stopProducing(): startIntervalControlerFilter produced 56 samples
2023-02-13 17:54:57,098 INFO o.a.j.r.p.AbstractSampleConsumer: class org.apache.jmeter.report.processor.graph.impl.TotalTPSGraphConsumer#stopProducing(): totalTPS produced 0 samples
2023-02-13 17:54:57,099 INFO o.a.j.r.p.AbstractSampleConsumer: class org.apache.jmeter.report.processor.graph.impl.ActiveThreadsGraphConsumer#stopProducing(): activeThreadsOverTime produced 0 samples
2023-02-13 17:54:57,099 INFO o.a.j.r.p.AbstractSampleConsumer: class org.apache.jmeter.report.processor.graph.impl.TimeVSThreadGraphConsumer#stopProducing(): timeVsThreads produced 0 samples
2023-02-13 17:54:57,099 INFO o.a.j.r.p.AbstractSampleConsumer: class org.apache.jmeter.report.processor.graph.impl.ResponseTimeDistributionGraphConsumer#stopProducing(): responseTimeDistribution produced 0 samples
2023-02-13 17:54:57,100 INFO o.a.j.r.p.AbstractSampleConsumer: class org.apache.jmeter.report.processor.graph.impl.TransactionsPerSecondGraphConsumer#stopProducing(): transactionsPerSecond produced 0 samples
2023-02-13 17:54:57,100 INFO o.a.j.r.p.AbstractSampleConsumer: class org.apache.jmeter.report.processor.graph.impl.ResponseTimePercentilesGraphConsumer#stopProducing(): responseTimePercentiles produced 0 samples
2023-02-13 17:54:57,102 INFO o.a.j.r.p.AbstractSampleConsumer: class org.apache.jmeter.report.processor.graph.impl.ResponseTimePercentilesOverTimeGraphConsumer#stopProducing(): responseTimePercentilesOverTime produced 0 samples
2023-02-13 17:54:57,102 INFO o.a.j.r.p.AbstractSampleConsumer: class org.apache.jmeter.report.processor.graph.impl.ResponseTimeOverTimeGraphConsumer#stopProducing(): responseTimesOverTime produced 0 samples
2023-02-13 17:54:57,103 INFO o.a.j.r.p.AbstractSampleConsumer: class org.apache.jmeter.report.processor.graph.impl.ConnectTimeOverTimeGraphConsumer#stopProducing(): connectTimeOverTime produced 0 samples
2023-02-13 17:54:57,103 INFO o.a.j.r.p.AbstractSampleConsumer: class org.apache.jmeter.report.processor.graph.impl.LatencyOverTimeGraphConsumer#stopProducing(): latenciesOverTime produced 0 samples
2023-02-13 17:54:57,103 INFO o.a.j.r.p.AbstractSampleConsumer: class org.apache.jmeter.report.processor.FilterConsumer#stopProducing(): nameFilter produced 120 samples
2023-02-13 17:54:57,103 INFO o.a.j.r.p.AbstractSampleConsumer: class org.apache.jmeter.report.processor.FilterConsumer#stopProducing(): dateRangeFilter produced 24 samples
2023-02-13 17:54:57,103 INFO o.a.j.r.p.AbstractSampleConsumer: class org.apache.jmeter.report.processor.NormalizerSampleConsumer#stopProducing(): normalizer produced 8 samples
2023-02-13 17:54:57,104 INFO o.a.j.r.p.CsvFileSampleSource: produce(): 8 samples produced in 119ms on channel 0
2023-02-13 17:54:57,104 INFO o.a.j.r.d.ReportGenerator: Exporting data using exporter:'json' of className:'org.apache.jmeter.report.dashboard.JsonExporter'
2023-02-13 17:54:57,374 INFO o.a.j.r.d.JsonExporter: Found data for consumer statisticsSummary in context
2023-02-13 17:54:57,374 INFO o.a.j.r.d.JsonExporter: Creating statistics for overall
2023-02-13 17:54:57,375 INFO o.a.j.r.d.JsonExporter: Creating statistics for other transactions
2023-02-13 17:54:57,376 INFO o.a.j.r.d.JsonExporter: Checking output folder
2023-02-13 17:54:57,377 INFO o.a.j.r.d.JsonExporter: Writing statistics JSON to /root/apache-jmeter-5.5/bin/result.html/statistics.json
2023-02-13 17:54:57,428 INFO o.a.j.r.d.ReportGenerator: Exporting data using exporter:'html' of className:'org.apache.jmeter.report.dashboard.HtmlTemplateExporter'
2023-02-13 17:54:57,432 INFO o.a.j.r.d.HtmlTemplateExporter: Will generate dashboard in folder: /root/apache-jmeter-5.5/bin/result.html
2023-02-13 17:54:57,625 INFO o.a.j.r.d.HtmlTemplateExporter: Report will be generated in: /root/apache-jmeter-5.5/bin/result.html, creating folder structure
2023-02-13 17:54:57,629 INFO o.a.j.r.d.TemplateVisitor: Copying folder from '/root/apache-jmeter-5.5/bin/report-template' to '/root/apache-jmeter-5.5/bin/result.html', got message: /root/apache-jmeter-5.5/bin/result.html, found non empty folder with following content [/root/apache-jmeter-5.5/bin/result.html/statistics.json], will be ignored
2023-02-13 17:54:58,212 INFO o.a.j.JMeter: Dashboard generated
